<?xml version="1.0" encoding="UTF-8"?>
<testsuite xmlns:xsi="http://www.w3.org/2001/XMLSchema-instance" xsi:noNamespaceSchemaLocation="https://maven.apache.org/surefire/maven-failsafe-plugin/xsd/failsafe-test-report.xsd" version="3.0.2" name="fr.takima.training.sampleapplication.IT.DepartmentControllerTestIT" time="160.991" tests="6" errors="0" skipped="0" failures="0">
  <properties>
[...]
</properties>
  <testcase name="testGetDepartmentStudentsByName" classname="fr.takima.training.sampleapplication.IT.DepartmentControllerTestIT" time="3.751">
    <system-out><![CDATA[
  .   ____          _            __ _ _
 /\\ / ___'_ __ _ _(_)_ __  __ _ \ \ \ \
( ( )\___ | '_ | '_| | '_ \/ _` | \ \ \ \
 \\/  ___)| |_)| | | | | || (_| |  ) ) ) )
  '  |____| .__|_| |_|_| |_\__, | / / / /
 =========|_|==============|___/=/_/_/_/

 :: Spring Boot ::                (v3.4.2)

2025-10-26T21:31:25.598+01:00  INFO 1048 --- [           main] f.t.t.s.IT.DepartmentControllerTestIT    : Starting DepartmentControllerTestIT using Java 23.0.2 with PID 1048 (started by pc in C:\Users\pc\Downloads\Project-Docker\backend)
2025-10-26T21:31:25.611+01:00  INFO 1048 --- [           main] f.t.t.s.IT.DepartmentControllerTestIT    : No active profile set, falling back to 1 default profile: "default"
2025-10-26T21:31:33.927+01:00  INFO 1048 --- [           main] .s.d.r.c.RepositoryConfigurationDelegate : Bootstrapping Spring Data JPA repositories in DEFAULT mode.
2025-10-26T21:31:34.313+01:00  INFO 1048 --- [           main] .s.d.r.c.RepositoryConfigurationDelegate : Finished Spring Data repository scanning in 317 ms. Found 2 JPA repository interfaces.
2025-10-26T21:31:39.576+01:00  INFO 1048 --- [           main] com.zaxxer.hikari.HikariDataSource       : HikariPool-1 - Starting...
2025-10-26T21:31:40.221+01:00  INFO 1048 --- [           main] org.testcontainers.images.PullPolicy     : Image pull policy will be performed by: DefaultPullPolicy()
2025-10-26T21:31:40.236+01:00  INFO 1048 --- [           main] o.t.utility.ImageNameSubstitutor         : Image name substitution will be performed by: DefaultImageNameSubstitutor (composite of 'ConfigurationFileImageNameSubstitutor' and 'PrefixingImageNameSubstitutor')
2025-10-26T21:31:40.432+01:00  INFO 1048 --- [           main] org.testcontainers.DockerClientFactory   : Testcontainers version: 1.20.4
2025-10-26T21:31:46.338+01:00  INFO 1048 --- [           main] o.t.d.DockerClientProviderStrategy       : Found Docker environment with local Npipe socket (npipe:////./pipe/docker_engine)
2025-10-26T21:31:46.360+01:00  INFO 1048 --- [           main] org.testcontainers.DockerClientFactory   : Docker host IP address is localhost
2025-10-26T21:31:46.495+01:00  INFO 1048 --- [           main] org.testcontainers.DockerClientFactory   : Connected to docker: 
  Server Version: 28.5.1
  API Version: 1.51
  Operating System: Docker Desktop
  Total Memory: 3874 MB
  Labels: 
    com.docker.desktop.address=npipe://\\.\pipe\docker_cli
2025-10-26T21:31:47.879+01:00  INFO 1048 --- [           main] tc.testcontainers/ryuk:0.11.0            : Pulling docker image: testcontainers/ryuk:0.11.0. Please be patient; this may take some time but only needs to be done once.
2025-10-26T21:31:53.647+01:00  INFO 1048 --- [eam--1734963322] tc.testcontainers/ryuk:0.11.0            : Starting to pull image
2025-10-26T21:31:53.773+01:00  INFO 1048 --- [eam--1734963322] tc.testcontainers/ryuk:0.11.0            : Pulling image layers:  0 pending,  0 downloaded,  0 extracted, (0 bytes/0 bytes)
2025-10-26T21:32:03.499+01:00  INFO 1048 --- [eam--1734963322] tc.testcontainers/ryuk:0.11.0            : Pulling image layers:  2 pending,  1 downloaded,  0 extracted, (6 MB/? MB)
2025-10-26T21:32:03.931+01:00  INFO 1048 --- [eam--1734963322] tc.testcontainers/ryuk:0.11.0            : Pulling image layers:  1 pending,  2 downloaded,  0 extracted, (9 MB/? MB)
2025-10-26T21:32:05.024+01:00  INFO 1048 --- [eam--1734963322] tc.testcontainers/ryuk:0.11.0            : Pulling image layers:  0 pending,  3 downloaded,  0 extracted, (10 MB/10 MB)
2025-10-26T21:32:05.734+01:00  INFO 1048 --- [eam--1734963322] tc.testcontainers/ryuk:0.11.0            : Pulling image layers:  0 pending,  3 downloaded,  1 extracted, (10 MB/10 MB)
2025-10-26T21:32:06.633+01:00  INFO 1048 --- [eam--1734963322] tc.testcontainers/ryuk:0.11.0            : Pulling image layers:  0 pending,  3 downloaded,  2 extracted, (10 MB/10 MB)
2025-10-26T21:32:06.924+01:00  INFO 1048 --- [eam--1734963322] tc.testcontainers/ryuk:0.11.0            : Pulling image layers:  0 pending,  3 downloaded,  3 extracted, (10 MB/10 MB)
2025-10-26T21:32:07.129+01:00  INFO 1048 --- [           main] tc.testcontainers/ryuk:0.11.0            : Image testcontainers/ryuk:0.11.0 pull took PT19.2484919S
2025-10-26T21:32:07.129+01:00  INFO 1048 --- [eam--1734963322] tc.testcontainers/ryuk:0.11.0            : Pull complete. 3 layers, pulled in 13s (downloaded 10 MB at 856 KB/s)
2025-10-26T21:32:08.180+01:00  INFO 1048 --- [           main] tc.testcontainers/ryuk:0.11.0            : Creating container for image: testcontainers/ryuk:0.11.0
2025-10-26T21:32:09.844+01:00  INFO 1048 --- [           main] tc.testcontainers/ryuk:0.11.0            : Container testcontainers/ryuk:0.11.0 is starting: 1e4d69e843321b2b76b1e258fc8940cd6f95cd6889205be7392dfb1821b8d81b
2025-10-26T21:32:12.728+01:00  INFO 1048 --- [           main] tc.testcontainers/ryuk:0.11.0            : Container testcontainers/ryuk:0.11.0 started in PT4.5480651S
2025-10-26T21:32:12.800+01:00  INFO 1048 --- [           main] o.t.utility.RyukResourceReaper           : Ryuk started - will monitor and terminate Testcontainers containers on JVM exit
2025-10-26T21:32:12.804+01:00  INFO 1048 --- [           main] org.testcontainers.DockerClientFactory   : Checking the system...
2025-10-26T21:32:12.807+01:00  INFO 1048 --- [           main] org.testcontainers.DockerClientFactory   : ✔︎ Docker server version should be at least 1.6.0
2025-10-26T21:32:12.841+01:00  INFO 1048 --- [           main] tc.postgres:9.6.12                       : Pulling docker image: postgres:9.6.12. Please be patient; this may take some time but only needs to be done once.
2025-10-26T21:32:14.294+01:00  INFO 1048 --- [eam--1401128027] tc.postgres:9.6.12                       : Starting to pull image
2025-10-26T21:32:14.297+01:00  INFO 1048 --- [eam--1401128027] tc.postgres:9.6.12                       : Pulling image layers:  0 pending,  0 downloaded,  0 extracted, (0 bytes/0 bytes)
2025-10-26T21:32:19.548+01:00  INFO 1048 --- [eam--1401128027] tc.postgres:9.6.12                       : Pulling image layers: 13 pending,  1 downloaded,  0 extracted, (4 MB/? MB)
2025-10-26T21:32:19.781+01:00  INFO 1048 --- [eam--1401128027] tc.postgres:9.6.12                       : Pulling image layers: 12 pending,  2 downloaded,  0 extracted, (5 MB/? MB)
2025-10-26T21:32:20.477+01:00  INFO 1048 --- [eam--1401128027] tc.postgres:9.6.12                       : Pulling image layers: 11 pending,  3 downloaded,  0 extracted, (5 MB/? MB)
2025-10-26T21:32:20.490+01:00  INFO 1048 --- [eam--1401128027] tc.postgres:9.6.12                       : Pulling image layers: 10 pending,  4 downloaded,  0 extracted, (5 MB/? MB)
2025-10-26T21:32:20.508+01:00  INFO 1048 --- [eam--1401128027] tc.postgres:9.6.12                       : Pulling image layers:  9 pending,  5 downloaded,  0 extracted, (5 MB/? MB)
2025-10-26T21:32:20.853+01:00  INFO 1048 --- [eam--1401128027] tc.postgres:9.6.12                       : Pulling image layers:  8 pending,  6 downloaded,  0 extracted, (5 MB/? MB)
2025-10-26T21:32:21.110+01:00  INFO 1048 --- [eam--1401128027] tc.postgres:9.6.12                       : Pulling image layers:  7 pending,  7 downloaded,  0 extracted, (5 MB/? MB)
2025-10-26T21:32:21.414+01:00  INFO 1048 --- [eam--1401128027] tc.postgres:9.6.12                       : Pulling image layers:  6 pending,  8 downloaded,  0 extracted, (5 MB/? MB)
2025-10-26T21:32:22.234+01:00  INFO 1048 --- [eam--1401128027] tc.postgres:9.6.12                       : Pulling image layers:  5 pending,  9 downloaded,  0 extracted, (8 MB/? MB)
2025-10-26T21:32:22.819+01:00  INFO 1048 --- [eam--1401128027] tc.postgres:9.6.12                       : Pulling image layers:  4 pending, 10 downloaded,  0 extracted, (8 MB/? MB)
2025-10-26T21:32:26.959+01:00  INFO 1048 --- [eam--1401128027] tc.postgres:9.6.12                       : Pulling image layers:  3 pending, 11 downloaded,  0 extracted, (18 MB/? MB)
2025-10-26T21:32:27.870+01:00  INFO 1048 --- [eam--1401128027] tc.postgres:9.6.12                       : Pulling image layers:  2 pending, 12 downloaded,  0 extracted, (21 MB/? MB)
2025-10-26T21:32:42.561+01:00  INFO 1048 --- [eam--1401128027] tc.postgres:9.6.12                       : Pulling image layers:  1 pending, 13 downloaded,  0 extracted, (53 MB/? MB)
2025-10-26T21:32:52.977+01:00  INFO 1048 --- [eam--1401128027] tc.postgres:9.6.12                       : Pulling image layers:  1 pending, 13 downloaded,  1 extracted, (68 MB/? MB)
2025-10-26T21:32:54.787+01:00  INFO 1048 --- [eam--1401128027] tc.postgres:9.6.12                       : Pulling image layers:  1 pending, 13 downloaded,  2 extracted, (69 MB/? MB)
2025-10-26T21:32:55.219+01:00  INFO 1048 --- [eam--1401128027] tc.postgres:9.6.12                       : Pulling image layers:  1 pending, 13 downloaded,  3 extracted, (70 MB/? MB)
2025-10-26T21:32:56.215+01:00  INFO 1048 --- [eam--1401128027] tc.postgres:9.6.12                       : Pulling image layers:  1 pending, 13 downloaded,  4 extracted, (72 MB/? MB)
2025-10-26T21:32:58.893+01:00  INFO 1048 --- [eam--1401128027] tc.postgres:9.6.12                       : Pulling image layers:  1 pending, 13 downloaded,  5 extracted, (74 MB/? MB)
2025-10-26T21:32:59.468+01:00  INFO 1048 --- [eam--1401128027] tc.postgres:9.6.12                       : Pulling image layers:  1 pending, 13 downloaded,  6 extracted, (75 MB/? MB)
2025-10-26T21:32:59.935+01:00  INFO 1048 --- [eam--1401128027] tc.postgres:9.6.12                       : Pulling image layers:  1 pending, 13 downloaded,  7 extracted, (76 MB/? MB)
2025-10-26T21:33:00.385+01:00  INFO 1048 --- [eam--1401128027] tc.postgres:9.6.12                       : Pulling image layers:  1 pending, 13 downloaded,  8 extracted, (76 MB/? MB)
2025-10-26T21:33:02.710+01:00  INFO 1048 --- [eam--1401128027] tc.postgres:9.6.12                       : Pulling image layers:  0 pending, 14 downloaded,  8 extracted, (80 MB/80 MB)
2025-10-26T21:33:13.132+01:00  INFO 1048 --- [eam--1401128027] tc.postgres:9.6.12                       : Pulling image layers:  0 pending, 14 downloaded,  9 extracted, (80 MB/80 MB)
2025-10-26T21:33:13.343+01:00  INFO 1048 --- [eam--1401128027] tc.postgres:9.6.12                       : Pulling image layers:  0 pending, 14 downloaded, 10 extracted, (80 MB/80 MB)
2025-10-26T21:33:13.528+01:00  INFO 1048 --- [eam--1401128027] tc.postgres:9.6.12                       : Pulling image layers:  0 pending, 14 downloaded, 11 extracted, (80 MB/80 MB)
2025-10-26T21:33:13.813+01:00  INFO 1048 --- [eam--1401128027] tc.postgres:9.6.12                       : Pulling image layers:  0 pending, 14 downloaded, 12 extracted, (80 MB/80 MB)
2025-10-26T21:33:13.907+01:00  INFO 1048 --- [eam--1401128027] tc.postgres:9.6.12                       : Pulling image layers:  0 pending, 14 downloaded, 13 extracted, (80 MB/80 MB)
2025-10-26T21:33:14.124+01:00  INFO 1048 --- [eam--1401128027] tc.postgres:9.6.12                       : Pulling image layers:  0 pending, 14 downloaded, 14 extracted, (80 MB/80 MB)
2025-10-26T21:33:14.216+01:00  INFO 1048 --- [eam--1401128027] tc.postgres:9.6.12                       : Pull complete. 14 layers, pulled in 59s (downloaded 80 MB at 1 MB/s)
2025-10-26T21:33:14.224+01:00  INFO 1048 --- [           main] tc.postgres:9.6.12                       : Image postgres:9.6.12 pull took PT1M1.3820128S
2025-10-26T21:33:15.038+01:00  INFO 1048 --- [           main] tc.postgres:9.6.12                       : Creating container for image: postgres:9.6.12
2025-10-26T21:33:17.204+01:00  INFO 1048 --- [           main] tc.postgres:9.6.12                       : Container postgres:9.6.12 is starting: e13b75268afe0e3886797a3aea0d89e46993f7625d04aacace7520d5c572bbc0
2025-10-26T21:33:34.403+01:00  INFO 1048 --- [           main] tc.postgres:9.6.12                       : Container postgres:9.6.12 started in PT19.3649674S
2025-10-26T21:33:34.405+01:00  INFO 1048 --- [           main] tc.postgres:9.6.12                       : Container is started (JDBC URL: jdbc:postgresql://localhost:49959/simple-api?loggerLevel=OFF)
2025-10-26T21:33:35.085+01:00  INFO 1048 --- [           main] com.zaxxer.hikari.pool.HikariPool        : HikariPool-1 - Added connection org.testcontainers.jdbc.ConnectionWrapper@2d3b708a
2025-10-26T21:33:35.100+01:00  INFO 1048 --- [           main] com.zaxxer.hikari.HikariDataSource       : HikariPool-1 - Start completed.
2025-10-26T21:33:35.906+01:00  INFO 1048 --- [           main] o.hibernate.jpa.internal.util.LogHelper  : HHH000204: Processing PersistenceUnitInfo [name: default]
2025-10-26T21:33:36.975+01:00  INFO 1048 --- [           main] org.hibernate.Version                    : HHH000412: Hibernate ORM core version 6.6.5.Final
2025-10-26T21:33:37.385+01:00  INFO 1048 --- [           main] o.h.c.internal.RegionFactoryInitiator    : HHH000026: Second-level cache disabled
2025-10-26T21:33:40.342+01:00  INFO 1048 --- [           main] o.s.o.j.p.SpringPersistenceUnitInfo      : No LoadTimeWeaver setup: ignoring JPA class transformer
2025-10-26T21:33:41.477+01:00  WARN 1048 --- [           main] org.hibernate.dialect.Dialect            : HHH000511: The 9.6.12 version for [org.hibernate.dialect.PostgreSQLDialect] is no longer supported, hence certain features may not work properly. The minimum supported version is 12.0.0. Check the community dialects project for available legacy versions.
2025-10-26T21:33:41.689+01:00  INFO 1048 --- [           main] org.hibernate.orm.connections.pooling    : HHH10001005: Database info:
	Database JDBC URL [Connecting through datasource 'HikariDataSource (HikariPool-1)']
	Database driver: undefined/unknown
	Database version: 9.6.12
	Autocommit mode: undefined/unknown
	Isolation level: undefined/unknown
	Minimum pool size: undefined/unknown
	Maximum pool size: undefined/unknown
2025-10-26T21:33:48.456+01:00  INFO 1048 --- [           main] o.h.e.t.j.p.i.JtaPlatformInitiator       : HHH000489: No JTA platform available (set 'hibernate.transaction.jta.platform' to enable JTA platform integration)
2025-10-26T21:33:48.467+01:00  INFO 1048 --- [           main] j.LocalContainerEntityManagerFactoryBean : Initialized JPA EntityManagerFactory for persistence unit 'default'
2025-10-26T21:33:51.459+01:00  WARN 1048 --- [           main] JpaBaseConfiguration$JpaWebConfiguration : spring.jpa.open-in-view is enabled by default. Therefore, database queries may be performed during view rendering. Explicitly configure spring.jpa.open-in-view to disable this warning
2025-10-26T21:33:51.743+01:00  INFO 1048 --- [           main] o.s.v.b.OptionalValidatorFactoryBean     : Failed to set up a Bean Validation provider: jakarta.validation.NoProviderFoundException: Unable to create a Configuration, because no Jakarta Validation provider could be found. Add a provider like Hibernate Validator (RI) to your classpath.
2025-10-26T21:33:54.647+01:00  INFO 1048 --- [           main] o.s.b.t.m.w.SpringBootMockServletContext : Initializing Spring TestDispatcherServlet ''
2025-10-26T21:33:54.647+01:00  INFO 1048 --- [           main] o.s.t.web.servlet.TestDispatcherServlet  : Initializing Servlet ''
2025-10-26T21:33:54.674+01:00  INFO 1048 --- [           main] o.s.b.a.e.web.EndpointLinksResolver      : Exposing 1 endpoint beneath base path '/actuator'
2025-10-26T21:33:54.736+01:00  INFO 1048 --- [           main] o.s.t.web.servlet.TestDispatcherServlet  : Completed initialization in 82 ms
2025-10-26T21:33:54.964+01:00  INFO 1048 --- [           main] f.t.t.s.IT.DepartmentControllerTestIT    : Started DepartmentControllerTestIT in 152.335 seconds (process running for 162.433)
]]></system-out>
    <system-err><![CDATA[Mockito is currently self-attaching to enable the inline-mock-maker. This will no longer work in future releases of the JDK. Please add Mockito as an agent to your build what is described in Mockito's documentation: https://javadoc.io/doc/org.mockito/mockito-core/latest/org/mockito/Mockito.html#0.3
WARNING: A Java agent has been loaded dynamically (C:\Users\pc\.m2\repository\net\bytebuddy\byte-buddy-agent\1.15.11\byte-buddy-agent-1.15.11.jar)
WARNING: If a serviceability tool is in use, please run with -XX:+EnableDynamicAgentLoading to hide this warning
WARNING: If a serviceability tool is not in use, please run with -Djdk.instrument.traceUsage for more information
WARNING: Dynamic loading of agents will be disallowed by default in a future release
]]></system-err>
  </testcase>
  <testcase name="testGetDepartmentCountByName" classname="fr.takima.training.sampleapplication.IT.DepartmentControllerTestIT" time="0.107"/>
  <testcase name="testGetNonExistingDepartmentStudentsByName" classname="fr.takima.training.sampleapplication.IT.DepartmentControllerTestIT" time="0.084"/>
  <testcase name="testGetNonExistingDepartmentCountsByName" classname="fr.takima.training.sampleapplication.IT.DepartmentControllerTestIT" time="0.076"/>
  <testcase name="testGetNonExistingDepartmentByName" classname="fr.takima.training.sampleapplication.IT.DepartmentControllerTestIT" time="0.081"/>
  <testcase name="testGetDepartmentByName" classname="fr.takima.training.sampleapplication.IT.DepartmentControllerTestIT" time="0.079"/>
</testsuite>